#
# There is insufficient memory for the Java Runtime Environment to continue.
# Native memory allocation (malloc) failed to allocate 1048576 bytes for AllocateHeap
# Possible reasons:
#   The system is out of physical RAM or swap space
#   The process is running with CompressedOops enabled, and the Java Heap may be blocking the growth of the native heap
# Possible solutions:
#   Reduce memory load on the system
#   Increase physical memory or swap space
#   Check if swap backing store is full
#   Decrease Java heap size (-Xmx/-Xms)
#   Decrease number of Java threads
#   Decrease Java thread stack sizes (-Xss)
#   Set larger code cache with -XX:ReservedCodeCacheSize=
#   JVM is running with Zero Based Compressed Oops mode in which the Java heap is
#     placed in the first 32GB address space. The Java Heap base address is the
#     maximum limit for the native heap growth. Please use -XX:HeapBaseMinAddress
#     to set the Java Heap base and to place the Java Heap above 32GB virtual address.
# This output file may be truncated or incomplete.
#
#  Out of Memory Error (memory/allocation.inline.hpp:61), pid=20784, tid=0x00000000000053c4
#
# JRE version:  (8.0_202-b08) (build )
# Java VM: Java HotSpot(TM) 64-Bit Server VM (25.202-b08 mixed mode windows-amd64 compressed oops)
# Failed to write core dump. Minidumps are not enabled by default on client versions of Windows
#

---------------  T H R E A D  ---------------

Current thread (0x00000000026de000):  JavaThread "Unknown thread" [_thread_in_vm, id=21444, stack(0x0000000002590000,0x0000000002690000)]

Stack: [0x0000000002590000,0x0000000002690000]
[error occurred during error reporting (printing stack bounds), id 0xc0000005]

Native frames: (J=compiled Java code, j=interpreted, Vv=VM code, C=native code)


---------------  P R O C E S S  ---------------

Java Threads: ( => current thread )

Other Threads:

=>0x00000000026de000 (exited) JavaThread "Unknown thread" [_thread_in_vm, id=21444, stack(0x0000000002590000,0x0000000002690000)]

VM state:not at safepoint (normal execution)

VM Mutex/Monitor currently owned by a thread: None

heap address: 0x00000006c1c00000, size: 4068 MB, Compressed Oops mode: Zero based, Oop shift amount: 3
Narrow klass base: 0x0000000000000000, Narrow klass shift: 3
Compressed class space size: 1073741824 Address: 0x00000007c0000000

Heap:
 PSYoungGen      total 76288K, used 1310K [0x000000076b400000, 0x0000000770900000, 0x00000007c0000000)
  eden space 65536K, 2% used [0x000000076b400000,0x000000076b547af0,0x000000076f400000)
  from space 10752K, 0% used [0x000000076fe80000,0x000000076fe80000,0x0000000770900000)
  to   space 10752K, 0% used [0x000000076f400000,0x000000076f400000,0x000000076fe80000)
 ParOldGen       total 175104K, used 0K [0x00000006c1c00000, 0x00000006cc700000, 0x000000076b400000)
  object space 175104K, 0% used [0x00000006c1c00000,0x00000006c1c00000,0x00000006cc700000)
 Metaspace       used 775K, capacity 4480K, committed 4480K, reserved 1056768K
  class space    used 76K, capacity 384K, committed 384K, reserved 1048576K

Card table byte_map: [0x0000000011ba0000,0x00000000123a0000] byte_map_base: 0x000000000e592000

Marking Bits: (ParMarkBitMap*) 0x000000005ef55ce0
 Begin Bits: [0x00000000130f0000, 0x0000000017080000)
 End Bits:   [0x0000000017080000, 0x000000001b010000)

Polling page: 0x0000000002690000

CodeCache: size=245760Kb used=328Kb max_used=328Kb free=245431Kb
 bounds [0x00000000027e0000, 0x0000000002a50000, 0x00000000117e0000]
 total_blobs=58 nmethods=0 adapters=38
 compilation: enabled

Compilation events (0 events):
No events

GC Heap History (0 events):
No events

Deoptimization events (0 events):
No events

Classes redefined (0 events):
No events

Internal exceptions (0 events):
No events

Events (10 events):
Event: 0.020 loading class java/lang/Short
Event: 0.020 loading class java/lang/Short done
Event: 0.020 loading class java/lang/Integer
Event: 0.020 loading class java/lang/Integer done
Event: 0.020 loading class java/lang/Long
Event: 0.020 loading class java/lang/Long done
Event: 0.020 loading class java/lang/NullPointerException
Event: 0.020 loading class java/lang/NullPointerException done
Event: 0.020 loading class java/lang/ArithmeticException
Event: 0.020 loading class java/lang/ArithmeticException done


Dynamic libraries:
0x00007ff632450000 - 0x00007ff632487000 	C:\Program Files\Java\jdk1.8.0_202\bin\javaw.exe
0x00007ffa3c770000 - 0x00007ffa3c965000 	C:\WINDOWS\SYSTEM32\ntdll.dll
0x00007ffa3a830000 - 0x00007ffa3a8ed000 	C:\WINDOWS\System32\KERNEL32.DLL
0x00007ffa3a2a0000 - 0x00007ffa3a568000 	C:\WINDOWS\System32\KERNELBASE.dll
0x00007ffa3a8f0000 - 0x00007ffa3a99c000 	C:\WINDOWS\System32\ADVAPI32.dll
0x00007ffa3b9e0000 - 0x00007ffa3ba7e000 	C:\WINDOWS\System32\msvcrt.dll
0x00007ffa3bba0000 - 0x00007ffa3bc3b000 	C:\WINDOWS\System32\sechost.dll
0x00007ffa3b710000 - 0x00007ffa3b83b000 	C:\WINDOWS\System32\RPCRT4.dll
0x00007ffa3c300000 - 0x00007ffa3c4a0000 	C:\WINDOWS\System32\USER32.dll
0x00007ffa39ee0000 - 0x00007ffa39f02000 	C:\WINDOWS\System32\win32u.dll
0x00007ffa3c5d0000 - 0x00007ffa3c5fa000 	C:\WINDOWS\System32\GDI32.dll
0x00007ffa39f10000 - 0x00007ffa3a01b000 	C:\WINDOWS\System32\gdi32full.dll
0x00007ffa3a0a0000 - 0x00007ffa3a13d000 	C:\WINDOWS\System32\msvcp_win.dll
0x00007ffa3a570000 - 0x00007ffa3a670000 	C:\WINDOWS\System32\ucrtbase.dll
0x00007ffa22c40000 - 0x00007ffa22eda000 	C:\WINDOWS\WinSxS\amd64_microsoft.windows.common-controls_6595b64144ccf1df_6.0.19041.844_none_ca00b6081b84eb1d\COMCTL32.dll
0x00007ffa3ba80000 - 0x00007ffa3bab0000 	C:\WINDOWS\System32\IMM32.DLL
0x000000005efe0000 - 0x000000005f0b2000 	C:\Program Files\Java\jdk1.8.0_202\jre\bin\msvcr100.dll
0x000000005e730000 - 0x000000005efd5000 	C:\Program Files\Java\jdk1.8.0_202\jre\bin\server\jvm.dll
0x00007ffa3bc70000 - 0x00007ffa3bc78000 	C:\WINDOWS\System32\PSAPI.DLL
0x00007ffa32ff0000 - 0x00007ffa32ffa000 	C:\WINDOWS\SYSTEM32\VERSION.dll
0x00007ffa1a960000 - 0x00007ffa1a987000 	C:\WINDOWS\SYSTEM32\WINMM.dll
0x00007ffa34850000 - 0x00007ffa34859000 	C:\WINDOWS\SYSTEM32\WSOCK32.dll
0x00007ffa3b8c0000 - 0x00007ffa3b92b000 	C:\WINDOWS\System32\WS2_32.dll
0x00007ffa34240000 - 0x00007ffa3424f000 	C:\Program Files\Java\jdk1.8.0_202\jre\bin\verify.dll
0x00007ffa2fb10000 - 0x00007ffa2fb39000 	C:\Program Files\Java\jdk1.8.0_202\jre\bin\java.dll
0x00007ffa341f0000 - 0x00007ffa34206000 	C:\Program Files\Java\jdk1.8.0_202\jre\bin\zip.dll

VM Arguments:
jvm_args: -Dfile.encoding=UTF-8 
java_command: com.concert.view.Test
java_class_path (initial): C:\00.practice\workspace_java\ConcertReservationSystem2\classes
Launcher Type: SUN_STANDARD

Environment Variables:
JAVA_HOME=C:\Program Files\Java\jdk1.8.0_202
PATH=C:/00.practice/apps_down/eclipse/eclipse//plugins/org.eclipse.justj.openjdk.hotspot.jre.full.win32.x86_64_15.0.2.v20210201-0955/jre/bin/server;C:/00.practice/apps_down/eclipse/eclipse//plugins/org.eclipse.justj.openjdk.hotspot.jre.full.win32.x86_64_15.0.2.v20210201-0955/jre/bin;C:\Program Files\Java\jdk1.8.0_202\BIN;C:\Program Files (x86)\Common Files\Oracle\Java\javapath;C:\Windows\system32;C:\Windows;C:\Windows\System32\Wbem;C:\Windows\System32\WindowsPowerShell\v1.0\;C:\Windows\System32\OpenSSH\;C:\Program Files (x86)\NVIDIA Corporation\PhysX\Common;C:\Program Files\NVIDIA Corporation\NVIDIA NvDLISR;C:\WINDOWS\system32;C:\WINDOWS;C:\WINDOWS\System32\Wbem;C:\WINDOWS\System32\WindowsPowerShell\v1.0\;C:\WINDOWS\System32\OpenSSH\;C:\Program Files\nodejs\;C:\Program Files\PuTTY\;C:\jdk1.8\bin;C:\Program Files\MySQL\MySQL Shell 8.0\bin\;C:\Users\준성\AppData\Local\Microsoft\WindowsApps;C:\Program Files\Bandizip\;C:\Users\준성\AppData\Local\atom\bin;C:\Users\준성\AppData\Local\Microsoft\WindowsApps;C:\Users\준성\AppData\Roaming\npm;C:\Users\준성\AppData\Local\Programs\Microsoft VS Code\bin;C:\Users\준성\AppData\Local\afreeca;C:\00.practice\apps_down\eclipse\eclipse;
USERNAME=준성
OS=Windows_NT
PROCESSOR_IDENTIFIER=Intel64 Family 6 Model 142 Stepping 11, GenuineIntel



---------------  S Y S T E M  ---------------

OS: Windows 10.0 , 64 bit Build 19041 (10.0.19041.928)

CPU:total 8 (initial active 8) (4 cores per cpu, 2 threads per core) family 6 model 142 stepping 11, cmov, cx8, fxsr, mmx, sse, sse2, sse3, ssse3, sse4.1, sse4.2, popcnt, avx, avx2, aes, clmul, erms, 3dnowpref, lzcnt, ht, tsc, tscinvbit, bmi1, bmi2, adx

Memory: 4k page, physical 16660300k(4400384k free), swap 42177736k(6128k free)

vm_info: Java HotSpot(TM) 64-Bit Server VM (25.202-b08) for windows-amd64 JRE (1.8.0_202-b08), built on Dec 15 2018 19:54:30 by "java_re" with MS VC++ 10.0 (VS2010)

time: Sun Jun 06 15:59:25 2021
timezone: 대한민국 표준시
elapsed time: 0 seconds (0d 0h 0m 0s)

